<?xml version="1.0" encoding="UTF-8"?>
<coverage generated="1680023026807" clover="3.2.0">
  <project timestamp="1680023026807" name="All files">
    <metrics statements="20" coveredstatements="18" conditionals="8" coveredconditionals="6" methods="4" coveredmethods="4" elements="32" coveredelements="28" complexity="0" loc="20" ncloc="20" packages="1" files="1" classes="1"/>
    <file name="Roller.ts" path="C:\Users\chait\OneDrive\Desktop\C++\RollerJS\src\Roller.ts">
      <metrics statements="20" coveredstatements="18" conditionals="8" coveredconditionals="6" methods="4" coveredmethods="4"/>
      <line num="1" count="1" type="stmt"/>
      <line num="10" count="8" type="cond" truecount="1" falsecount="1"/>
      <line num="11" count="0" type="stmt"/>
      <line num="13" count="8" type="stmt"/>
      <line num="15" count="8" type="stmt"/>
      <line num="16" count="8" type="stmt"/>
      <line num="17" count="36" type="stmt"/>
      <line num="19" count="8" type="stmt"/>
      <line num="33" count="16" type="cond" truecount="4" falsecount="0"/>
      <line num="34" count="5" type="stmt"/>
      <line num="36" count="11" type="stmt"/>
      <line num="37" count="11" type="stmt"/>
      <line num="38" count="11" type="stmt"/>
      <line num="45" count="5" type="stmt"/>
      <line num="54" count="7" type="stmt"/>
      <line num="55" count="7" type="stmt"/>
      <line num="56" count="30" type="cond" truecount="1" falsecount="1"/>
      <line num="57" count="30" type="stmt"/>
      <line num="59" count="0" type="stmt"/>
      <line num="62" count="7" type="stmt"/>
    </file>
  </project>
</coverage>
