{"C:\\Users\\chait\\OneDrive\\Desktop\\C++\\RollerJS\\src\\Roller.ts": {"path":"C:\\Users\\chait\\OneDrive\\Desktop\\C++\\RollerJS\\src\\Roller.ts","statementMap":{"0":{"start":{"line":10,"column":8},"end":{"line":14,"column":null}},"1":{"start":{"line":11,"column":12},"end":{"line":11,"column":28}},"2":{"start":{"line":13,"column":12},"end":{"line":13,"column":32}},"3":{"start":{"line":15,"column":8},"end":{"line":15,"column":55}},"4":{"start":{"line":16,"column":8},"end":{"line":18,"column":null}},"5":{"start":{"line":16,"column":21},"end":{"line":16,"column":22}},"6":{"start":{"line":17,"column":12},"end":{"line":17,"column":41}},"7":{"start":{"line":19,"column":8},"end":{"line":19,"column":23}},"8":{"start":{"line":33,"column":8},"end":{"line":39,"column":null}},"9":{"start":{"line":34,"column":12},"end":{"line":34,"column":21}},"10":{"start":{"line":36,"column":12},"end":{"line":36,"column":31}},"11":{"start":{"line":37,"column":12},"end":{"line":37,"column":77}},"12":{"start":{"line":38,"column":12},"end":{"line":38,"column":25}},"13":{"start":{"line":45,"column":8},"end":{"line":45,"column":26}},"14":{"start":{"line":54,"column":29},"end":{"line":54,"column":54}},"15":{"start":{"line":55,"column":8},"end":{"line":61,"column":null}},"16":{"start":{"line":55,"column":21},"end":{"line":55,"column":22}},"17":{"start":{"line":56,"column":12},"end":{"line":60,"column":null}},"18":{"start":{"line":57,"column":16},"end":{"line":57,"column":63}},"19":{"start":{"line":59,"column":16},"end":{"line":59,"column":39}},"20":{"start":{"line":62,"column":8},"end":{"line":62,"column":28}},"21":{"start":{"line":1,"column":0},"end":{"line":1,"column":13}}},"fnMap":{"0":{"name":"(anonymous_0)","decl":{"start":{"line":9,"column":4},"end":{"line":9,"column":16}},"loc":{"start":{"line":9,"column":29},"end":{"line":20,"column":5}}},"1":{"name":"(anonymous_1)","decl":{"start":{"line":32,"column":4},"end":{"line":32,"column":8}},"loc":{"start":{"line":32,"column":22},"end":{"line":40,"column":5}}},"2":{"name":"(anonymous_2)","decl":{"start":{"line":44,"column":4},"end":{"line":44,"column":8}},"loc":{"start":{"line":44,"column":8},"end":{"line":46,"column":5}}},"3":{"name":"(anonymous_3)","decl":{"start":{"line":53,"column":4},"end":{"line":53,"column":16}},"loc":{"start":{"line":53,"column":16},"end":{"line":63,"column":5}}}},"branchMap":{"0":{"loc":{"start":{"line":10,"column":8},"end":{"line":14,"column":null}},"type":"if","locations":[{"start":{"line":10,"column":8},"end":{"line":14,"column":null}},{"start":{"line":12,"column":15},"end":{"line":14,"column":null}}]},"1":{"loc":{"start":{"line":33,"column":8},"end":{"line":39,"column":null}},"type":"if","locations":[{"start":{"line":33,"column":8},"end":{"line":39,"column":null}},{"start":{"line":35,"column":15},"end":{"line":39,"column":null}}]},"2":{"loc":{"start":{"line":33,"column":12},"end":{"line":33,"column":44}},"type":"binary-expr","locations":[{"start":{"line":33,"column":12},"end":{"line":33,"column":21}},{"start":{"line":33,"column":25},"end":{"line":33,"column":44}}]},"3":{"loc":{"start":{"line":56,"column":12},"end":{"line":60,"column":null}},"type":"if","locations":[{"start":{"line":56,"column":12},"end":{"line":60,"column":null}},{"start":{"line":58,"column":19},"end":{"line":60,"column":null}}]}},"s":{"0":8,"1":0,"2":8,"3":8,"4":8,"5":8,"6":36,"7":8,"8":16,"9":5,"10":11,"11":11,"12":11,"13":5,"14":7,"15":7,"16":7,"17":30,"18":30,"19":0,"20":7,"21":1},"f":{"0":8,"1":16,"2":5,"3":7},"b":{"0":[0,8],"1":[5,11],"2":[16,14],"3":[30,0]}}
}
