TN:
SF:src\Roller.ts
FN:9,(anonymous_0)
FN:32,(anonymous_1)
FN:44,(anonymous_2)
FN:53,(anonymous_3)
FNF:4
FNH:4
FNDA:8,(anonymous_0)
FNDA:16,(anonymous_1)
FNDA:5,(anonymous_2)
FNDA:7,(anonymous_3)
DA:1,1
DA:10,8
DA:11,0
DA:13,8
DA:15,8
DA:16,8
DA:17,36
DA:19,8
DA:33,16
DA:34,5
DA:36,11
DA:37,11
DA:38,11
DA:45,5
DA:54,7
DA:55,7
DA:56,30
DA:57,30
DA:59,0
DA:62,7
LF:20
LH:18
BRDA:10,0,0,0
BRDA:10,0,1,8
BRDA:33,1,0,5
BRDA:33,1,1,11
BRDA:33,2,0,16
BRDA:33,2,1,14
BRDA:56,3,0,30
BRDA:56,3,1,0
BRF:8
BRH:6
end_of_record
